<?xml version="1.0" encoding="UTF-8"?>
<testng-results ignored="0" total="1" passed="1" failed="0" skipped="0">
  <reporter-output>
  </reporter-output>
  <suite started-at="2022-03-16T01:49:22Z" name="Default suite" finished-at="2022-03-16T01:49:34Z" duration-ms="12420">
    <groups>
    </groups>
    <test started-at="2022-03-16T01:49:22Z" name="Default test" finished-at="2022-03-16T01:49:34Z" duration-ms="12420">
      <class name="com.selenium.NewTest">
        <test-method is-config="true" signature="beforeMethod()[pri:0, instance:com.selenium.NewTest@4b34fff9]" started-at="2022-03-15T18:49:22Z" name="beforeMethod" finished-at="2022-03-15T18:49:25Z" duration-ms="3423" status="PASS">
          <reporter-output>
          </reporter-output>
        </test-method> <!-- beforeMethod -->
        <test-method signature="navigateToAUrl()[pri:0, instance:com.selenium.NewTest@4b34fff9]" started-at="2022-03-15T18:49:25Z" name="navigateToAUrl" finished-at="2022-03-15T18:49:33Z" duration-ms="8173" status="PASS">
          <reporter-output>
          </reporter-output>
        </test-method> <!-- navigateToAUrl -->
        <test-method is-config="true" signature="afterMethod()[pri:0, instance:com.selenium.NewTest@4b34fff9]" started-at="2022-03-15T18:49:33Z" name="afterMethod" finished-at="2022-03-15T18:49:34Z" duration-ms="788" status="PASS">
          <reporter-output>
          </reporter-output>
        </test-method> <!-- afterMethod -->
      </class> <!-- com.selenium.NewTest -->
    </test> <!-- Default test -->
  </suite> <!-- Default suite -->
</testng-results>
